[E:d667c390-baca-4011-8a46-3f9d311247c6][T:2022-11-17 08:04:36.252618][S:?][J:simulate_job][A:train#151ee6e9-27a3-4679-a5fc-1eb451fde74b]sent task to client "site-2"
[E:2b00b157-8943-4ef3-bef4-74e031adc17b][R:01b52b7d-7d7b-476a-bc48-575ef496f13d][T:2022-11-17 08:04:36.378046][S:?][J:simulate_job][A:train#151ee6e9-27a3-4679-a5fc-1eb451fde74b]received result from client 'site-2'
[E:7dd5672f-9016-4c3e-bfcf-356ab8a029ff][T:2022-11-17 08:06:30.136108][S:?][J:simulate_job][A:train#0513d662-db08-4c3c-aa3f-321193631b12]sent task to client "site-1"
[E:5b01efcb-3998-4d30-a7b4-1ac757ec78cf][T:2022-11-17 08:06:30.169652][S:?][J:simulate_job][A:train#53cc9ef9-4a1a-47fd-86dc-bad2949ef0d4]sent task to client "site-2"
[E:3120800a-74b3-4689-a5b8-f20d9cfb6bd7][R:fe75237b-2df1-4ac0-83e5-fca448306914][T:2022-11-17 08:08:06.266644][S:?][J:simulate_job][A:train#53cc9ef9-4a1a-47fd-86dc-bad2949ef0d4]received result from client 'site-2'
[E:14e04d6d-30e3-4ac3-b73a-50161ecd0e40][R:242905ab-eaf2-4f2a-9b92-858e0788b6b6][T:2022-11-17 08:08:07.539297][S:?][J:simulate_job][A:train#0513d662-db08-4c3c-aa3f-321193631b12]received result from client 'site-1'
[E:e01c2ac7-a65d-4e90-af0a-5a57262dc1d2][T:2022-11-17 08:08:18.857684][S:?][J:simulate_job][A:submit_model#fe727b47-b5e4-4b5f-9770-e8a90d334865]sent task to client "site-2"
[E:511a0b5c-455d-45c7-bb69-416e0a0d08b0][R:61744972-c94f-4250-a644-cb937acc6309][T:2022-11-17 08:08:19.005331][S:?][J:simulate_job][A:submit_model#fe727b47-b5e4-4b5f-9770-e8a90d334865]received result from client 'site-2'
[E:b0125280-6cae-4d9e-b4c4-039ea3c18a55][T:2022-11-17 08:08:20.129705][S:?][J:simulate_job][A:submit_model#4eb7fbed-f14d-4af9-a341-c9b6fffe30bf]sent task to client "site-1"
[E:96d58c17-678e-4a67-bb55-81e2825a388b][R:39805c47-f519-4c2c-a46b-8a122f26df72][T:2022-11-17 08:08:20.279238][S:?][J:simulate_job][A:submit_model#4eb7fbed-f14d-4af9-a341-c9b6fffe30bf]received result from client 'site-1'
[E:98503550-3ad0-469c-a61b-737e7cc675c9][T:2022-11-17 08:08:21.082688][S:?][J:simulate_job][A:validate#bd681675-5448-47b3-bae1-dfaaab8f820d]sent task to client "site-2"
[E:a69035c1-f4cf-4f48-93e0-b071775c94f5][T:2022-11-17 08:08:22.351794][S:?][J:simulate_job][A:validate#11a5bc57-78ef-471c-833e-e713282138cb]sent task to client "site-1"
[E:1770ab81-bb89-4f9d-ad02-8f7e70fba579][R:170df68d-6d4f-41a8-a2b7-a7cd698e7b14][T:2022-11-17 08:08:23.035390][S:?][J:simulate_job][A:validate#bd681675-5448-47b3-bae1-dfaaab8f820d]received result from client 'site-2'
[E:128843c3-6e42-45e4-a101-2a74350b3f20][R:2c4aa37b-ccc0-41fc-a16e-efa55cfc035d][T:2022-11-17 08:08:24.312560][S:?][J:simulate_job][A:validate#11a5bc57-78ef-471c-833e-e713282138cb]received result from client 'site-1'
[E:6373d47c-0dd2-4850-a033-0b0ab299f2cc][T:2022-11-17 08:08:25.149293][S:?][J:simulate_job][A:validate#59777f84-65dd-4408-aff8-9049f6c06bd1]sent task to client "site-2"
[E:6f96d3ab-1b71-4dcc-ac49-f0138d115802][T:2022-11-17 08:08:26.425918][S:?][J:simulate_job][A:validate#a566c21b-2c46-4bce-9efd-a41ca7ac25a0]sent task to client "site-1"
[E:53a01f6b-c94c-4d43-8fae-10f84cb79d45][R:599383c0-7758-4532-9795-96834c100604][T:2022-11-17 08:08:27.109013][S:?][J:simulate_job][A:validate#59777f84-65dd-4408-aff8-9049f6c06bd1]received result from client 'site-2'
[E:cdf346ad-165b-4029-8198-fb229e047190][R:057bd2c0-8b38-4ba4-9b80-ab38403fb9ef][T:2022-11-17 08:08:28.395227][S:?][J:simulate_job][A:validate#a566c21b-2c46-4bce-9efd-a41ca7ac25a0]received result from client 'site-1'
[E:a4d9ec03-5fbc-4a1c-b6a8-3b7483ac8a6d][T:2022-11-17 08:08:29.223117][S:?][J:simulate_job][A:validate#9b63ab83-376e-4d91-824b-88178649c538]sent task to client "site-2"
[E:b70225c0-6c8f-441e-ae9c-8ba95c3ae6ff][T:2022-11-17 08:08:30.508460][S:?][J:simulate_job][A:validate#9d5220e1-0968-4174-81d1-cb122c93dfef]sent task to client "site-1"
[E:faa323f0-68e5-4d60-a61d-da48a5709dc4][R:450fc0c9-7987-4f03-b26e-59cd92b9415f][T:2022-11-17 08:08:31.165639][S:?][J:simulate_job][A:validate#9b63ab83-376e-4d91-824b-88178649c538]received result from client 'site-2'
[E:eb9f457b-7d08-4f0a-be78-651a6b6e983b][R:b910cd05-3703-425d-b021-acff94ff9623][T:2022-11-17 08:08:32.480181][S:?][J:simulate_job][A:validate#9d5220e1-0968-4174-81d1-cb122c93dfef]received result from client 'site-1'
